<?xml version="1.0" encoding="UTF-8"?>
<!-- Generated by org.testng.reporters.JUnitXMLReporter -->
<testsuite hostname="DESKTOP-NAKCCGJ" ignored="0" name="Test1" tests="1" failures="1" timestamp="10 May 2020 17:21:56 GMT" time="23.227" errors="0">
  <testcase name="testA" time="23.22" classname="TestNG.TN1">
    <failure type="java.lang.AssertionError" message="The following asserts failed:
	expected [google] but found [Google]">
      <![CDATA[java.lang.AssertionError: The following asserts failed:
expected [google] but found [Google]
at TestNG.TN1.testA(TN1.java:38)
... Removed 26 stack frames]]>
    </failure>
  </testcase> <!-- testA -->
</testsuite> <!-- Test1 -->
