<?xml version="1.0" encoding="UTF-8"?>
<!-- Generated by org.testng.reporters.JUnitXMLReporter -->
<testsuite hostname="DESKTOP-NAKCCGJ" ignored="1" name="TestNG" tests="3" failures="0" timestamp="31 Jul 2020 16:15:38 GMT" time="0.098" errors="0">
  <testcase name="f" time="0.023" classname="TestNG.TestNgPrioritization"/>
  <testcase name="a" time="0.003" classname="TestNG.TestNgPrioritization"/>
  <testcase name="b" time="0.006" classname="TestNG.TestNgPrioritization"/>
  <testcase name="h" time="0.0" classname="TestNG.TestNgPrioritization">
    <ignored/>
  </testcase> <!-- h -->
</testsuite> <!-- TestNG -->
