<?xml version="1.0" encoding="UTF-8"?>
<!-- Generated by org.testng.reporters.JUnitXMLReporter -->
<testsuite hostname="DESKTOP-NAKCCGJ" ignored="3" name="Test Grouping" tests="6" failures="0" timestamp="01 Dec 2020 17:47:32 GMT" time="0.245" errors="0">
  <testcase name="f1" time="0.025" classname="TestNG.TestGrouping"/>
  <testcase name="f3" time="0.003" classname="TestNG.TestGrouping"/>
  <testcase name="f4" time="0.03" classname="TestNG.TestGrouping"/>
  <testcase name="f5" time="0.002" classname="TestNG.TestGrouping"/>
  <testcase name="g2" time="0.002" classname="TestNG.TestGroupingNew"/>
  <testcase name="g3" time="0.002" classname="TestNG.TestGroupingNew"/>
  <testcase name="f2" time="0.0" classname="TestNG.TestGrouping">
    <ignored/>
  </testcase> <!-- f2 -->
  <testcase name="g4" time="0.0" classname="TestNG.TestGroupingNew">
    <ignored/>
  </testcase> <!-- g4 -->
  <testcase name="g1" time="0.0" classname="TestNG.TestGroupingNew">
    <ignored/>
  </testcase> <!-- g1 -->
</testsuite> <!-- Test Grouping -->
